<?xml version="1.0" encoding="UTF-8"?>
<!-- Generated by org.testng.reporters.JUnitReportReporter -->
<testsuite hostname="MIHIR" failures="0" tests="9" name="com.ricepot.tests.LoginInvalidTest" time="14.566" errors="0" timestamp="2026-03-14T22:51:39 IST" skipped="0">
  <testcase classname="com.ricepot.tests.LoginInvalidTest" name="verifyLoginWithEmptyCredentials" time="1.117"/>
  <testcase classname="com.ricepot.tests.LoginInvalidTest" name="verifyLoginWithEmptyUsername" time="1.283"/>
  <testcase classname="com.ricepot.tests.LoginInvalidTest" name="verifyLoginWithEmptyPassword" time="2.224"/>
  <testcase classname="com.ricepot.tests.LoginInvalidTest" name="verifyLoginWithInvalidUsername" time="1.039"/>
  <testcase classname="com.ricepot.tests.LoginInvalidTest" name="verifyLoginWithInvalidPassword" time="3.844"/>
  <testcase classname="com.ricepot.tests.LoginInvalidTest" name="verifyLoginWithBothInvalidCredentials" time="1.109"/>
  <testcase classname="com.ricepot.tests.LoginInvalidTest" name="verifyLoginWithSqlInjection" time="0.940"/>
  <testcase classname="com.ricepot.tests.LoginInvalidTest" name="verifyLoginWithXssAttempt" time="0.913"/>
  <testcase classname="com.ricepot.tests.LoginInvalidTest" name="verifyErrorMessagePersistsOnLoginPage" time="2.097"/>
</testsuite> <!-- com.ricepot.tests.LoginInvalidTest -->
