<?xml version="1.0" encoding="UTF-8"?>
<testng-results ignored="0" total="14" passed="13" failed="1" skipped="0">
  <reporter-output>
  </reporter-output>
  <suite started-at="2026-03-14T22:51:11 IST" name="Salesforce Login Test Suite" finished-at="2026-03-14T22:51:39 IST" duration-ms="27563">
    <groups>
    </groups>
    <test started-at="2026-03-14T22:51:11 IST" name="Valid Login Tests" finished-at="2026-03-14T22:51:22 IST" duration-ms="10586">
      <class name="com.ricepot.tests.LoginValidTest">
        <test-method is-config="true" signature="setUp()[pri:0, instance:com.ricepot.tests.LoginValidTest@2a798d51]" started-at="2026-03-14T22:51:11 IST" name="setUp" finished-at="2026-03-14T22:51:19 IST" duration-ms="7471" status="PASS">
          <reporter-output>
          </reporter-output>
        </test-method> <!-- setUp -->
        <test-method is-config="true" signature="initPage()[pri:0, instance:com.ricepot.tests.LoginValidTest@2a798d51]" started-at="2026-03-14T22:51:19 IST" name="initPage" finished-at="2026-03-14T22:51:19 IST" duration-ms="235" status="PASS">
          <reporter-output>
          </reporter-output>
        </test-method> <!-- initPage -->
        <test-method signature="verifyLoginPageTitle()[pri:1, instance:com.ricepot.tests.LoginValidTest@2a798d51]" started-at="2026-03-14T22:51:19 IST" name="verifyLoginPageTitle" finished-at="2026-03-14T22:51:19 IST" duration-ms="35" status="PASS">
          <reporter-output>
          </reporter-output>
        </test-method> <!-- verifyLoginPageTitle -->
        <test-method is-config="true" signature="initPage()[pri:0, instance:com.ricepot.tests.LoginValidTest@2a798d51]" started-at="2026-03-14T22:51:19 IST" name="initPage" finished-at="2026-03-14T22:51:19 IST" duration-ms="415" status="PASS">
          <reporter-output>
          </reporter-output>
        </test-method> <!-- initPage -->
        <test-method signature="verifyLoginPageElements()[pri:2, instance:com.ricepot.tests.LoginValidTest@2a798d51]" started-at="2026-03-14T22:51:19 IST" name="verifyLoginPageElements" finished-at="2026-03-14T22:51:20 IST" duration-ms="181" status="PASS">
          <reporter-output>
          </reporter-output>
        </test-method> <!-- verifyLoginPageElements -->
        <test-method is-config="true" signature="initPage()[pri:0, instance:com.ricepot.tests.LoginValidTest@2a798d51]" started-at="2026-03-14T22:51:20 IST" name="initPage" finished-at="2026-03-14T22:51:20 IST" duration-ms="215" status="PASS">
          <reporter-output>
          </reporter-output>
        </test-method> <!-- initPage -->
        <test-method signature="verifyLoginPageUrl()[pri:3, instance:com.ricepot.tests.LoginValidTest@2a798d51]" started-at="2026-03-14T22:51:20 IST" name="verifyLoginPageUrl" finished-at="2026-03-14T22:51:20 IST" duration-ms="7" status="PASS">
          <reporter-output>
          </reporter-output>
        </test-method> <!-- verifyLoginPageUrl -->
        <test-method is-config="true" signature="initPage()[pri:0, instance:com.ricepot.tests.LoginValidTest@2a798d51]" started-at="2026-03-14T22:51:20 IST" name="initPage" finished-at="2026-03-14T22:51:20 IST" duration-ms="213" status="PASS">
          <reporter-output>
          </reporter-output>
        </test-method> <!-- initPage -->
        <test-method signature="verifyRememberMeCheckboxToggle()[pri:4, instance:com.ricepot.tests.LoginValidTest@2a798d51]" started-at="2026-03-14T22:51:20 IST" name="verifyRememberMeCheckboxToggle" finished-at="2026-03-14T22:51:20 IST" duration-ms="233" status="PASS">
          <reporter-output>
          </reporter-output>
        </test-method> <!-- verifyRememberMeCheckboxToggle -->
        <test-method is-config="true" signature="initPage()[pri:0, instance:com.ricepot.tests.LoginValidTest@2a798d51]" started-at="2026-03-14T22:51:20 IST" name="initPage" finished-at="2026-03-14T22:51:21 IST" duration-ms="251" status="PASS">
          <reporter-output>
          </reporter-output>
        </test-method> <!-- initPage -->
        <test-method signature="verifyValidLogin()[pri:5, instance:com.ricepot.tests.LoginValidTest@2a798d51]" started-at="2026-03-14T22:51:21 IST" name="verifyValidLogin" finished-at="2026-03-14T22:51:22 IST" duration-ms="1096" status="FAIL">
          <exception class="java.lang.AssertionError">
            <message>
              <![CDATA[Login failed — still on login page. URL: https://login.salesforce.com/ expected [false] but found [true]]]>
            </message>
            <full-stacktrace>
              <![CDATA[java.lang.AssertionError: Login failed — still on login page. URL: https://login.salesforce.com/ expected [false] but found [true]
at org.testng.Assert.fail(Assert.java:111)
at org.testng.Assert.failNotEquals(Assert.java:1578)
at org.testng.Assert.assertFalse(Assert.java:79)
at com.ricepot.tests.LoginValidTest.verifyValidLogin(LoginValidTest.java:85)
at java.base/jdk.internal.reflect.DirectMethodHandleAccessor.invoke(DirectMethodHandleAccessor.java:103)
at java.base/java.lang.reflect.Method.invoke(Method.java:580)
at org.testng.internal.invokers.MethodInvocationHelper.invokeMethod(MethodInvocationHelper.java:141)
at org.testng.internal.invokers.TestInvoker.invokeMethod(TestInvoker.java:686)
at org.testng.internal.invokers.TestInvoker.invokeTestMethod(TestInvoker.java:230)
at org.testng.internal.invokers.MethodRunner.runInSequence(MethodRunner.java:63)
at org.testng.internal.invokers.TestInvoker$MethodInvocationAgent.invoke(TestInvoker.java:992)
at org.testng.internal.invokers.TestInvoker.invokeTestMethods(TestInvoker.java:203)
at org.testng.internal.invokers.TestMethodWorker.invokeTestMethods(TestMethodWorker.java:154)
at org.testng.internal.invokers.TestMethodWorker.run(TestMethodWorker.java:134)
at java.base/java.util.ArrayList.forEach(ArrayList.java:1596)
at org.testng.TestRunner.privateRun(TestRunner.java:739)
at org.testng.TestRunner.run(TestRunner.java:614)
at org.testng.SuiteRunner.runTest(SuiteRunner.java:421)
at org.testng.SuiteRunner.runSequentially(SuiteRunner.java:413)
at org.testng.SuiteRunner.privateRun(SuiteRunner.java:373)
at org.testng.SuiteRunner.run(SuiteRunner.java:312)
at org.testng.SuiteRunnerWorker.runSuite(SuiteRunnerWorker.java:52)
at org.testng.SuiteRunnerWorker.run(SuiteRunnerWorker.java:95)
at org.testng.TestNG.runSuitesSequentially(TestNG.java:1274)
at org.testng.TestNG.runSuitesLocally(TestNG.java:1208)
at org.testng.TestNG.runSuites(TestNG.java:1112)
at org.testng.TestNG.run(TestNG.java:1079)
at org.apache.maven.surefire.testng.TestNGExecutor.run(TestNGExecutor.java:308)
at org.apache.maven.surefire.testng.TestNGXmlTestSuite.execute(TestNGXmlTestSuite.java:71)
at org.apache.maven.surefire.testng.TestNGProvider.invoke(TestNGProvider.java:113)
at org.apache.maven.surefire.booter.ForkedBooter.runSuitesInProcess(ForkedBooter.java:385)
at org.apache.maven.surefire.booter.ForkedBooter.execute(ForkedBooter.java:162)
at org.apache.maven.surefire.booter.ForkedBooter.run(ForkedBooter.java:507)
at org.apache.maven.surefire.booter.ForkedBooter.main(ForkedBooter.java:495)
]]>
            </full-stacktrace>
          </exception> <!-- java.lang.AssertionError -->
          <reporter-output>
          </reporter-output>
        </test-method> <!-- verifyValidLogin -->
        <test-method is-config="true" signature="tearDown()[pri:0, instance:com.ricepot.tests.LoginValidTest@2a798d51]" started-at="2026-03-14T22:51:22 IST" name="tearDown" finished-at="2026-03-14T22:51:22 IST" duration-ms="171" status="PASS">
          <reporter-output>
          </reporter-output>
        </test-method> <!-- tearDown -->
      </class> <!-- com.ricepot.tests.LoginValidTest -->
    </test> <!-- Valid Login Tests -->
    <test started-at="2026-03-14T22:51:22 IST" name="Invalid Login Tests" finished-at="2026-03-14T22:51:39 IST" duration-ms="16951">
      <class name="com.ricepot.tests.LoginInvalidTest">
        <test-method is-config="true" signature="setUp()[pri:0, instance:com.ricepot.tests.LoginInvalidTest@2a65fe7c]" started-at="2026-03-14T22:51:22 IST" name="setUp" finished-at="2026-03-14T22:51:24 IST" duration-ms="2154" status="PASS">
          <reporter-output>
          </reporter-output>
        </test-method> <!-- setUp -->
        <test-method is-config="true" signature="initPage()[pri:0, instance:com.ricepot.tests.LoginInvalidTest@2a65fe7c]" started-at="2026-03-14T22:51:24 IST" name="initPage" finished-at="2026-03-14T22:51:24 IST" duration-ms="431" status="PASS">
          <reporter-output>
          </reporter-output>
        </test-method> <!-- initPage -->
        <test-method signature="verifyLoginWithEmptyCredentials()[pri:1, instance:com.ricepot.tests.LoginInvalidTest@2a65fe7c]" started-at="2026-03-14T22:51:24 IST" name="verifyLoginWithEmptyCredentials" finished-at="2026-03-14T22:51:25 IST" duration-ms="900" status="PASS">
          <reporter-output>
          </reporter-output>
        </test-method> <!-- verifyLoginWithEmptyCredentials -->
        <test-method is-config="true" signature="initPage()[pri:0, instance:com.ricepot.tests.LoginInvalidTest@2a65fe7c]" started-at="2026-03-14T22:51:25 IST" name="initPage" finished-at="2026-03-14T22:51:26 IST" duration-ms="217" status="PASS">
          <reporter-output>
          </reporter-output>
        </test-method> <!-- initPage -->
        <test-method signature="verifyLoginWithEmptyUsername()[pri:2, instance:com.ricepot.tests.LoginInvalidTest@2a65fe7c]" started-at="2026-03-14T22:51:26 IST" name="verifyLoginWithEmptyUsername" finished-at="2026-03-14T22:51:26 IST" duration-ms="852" status="PASS">
          <reporter-output>
          </reporter-output>
        </test-method> <!-- verifyLoginWithEmptyUsername -->
        <test-method is-config="true" signature="initPage()[pri:0, instance:com.ricepot.tests.LoginInvalidTest@2a65fe7c]" started-at="2026-03-14T22:51:26 IST" name="initPage" finished-at="2026-03-14T22:51:27 IST" duration-ms="230" status="PASS">
          <reporter-output>
          </reporter-output>
        </test-method> <!-- initPage -->
        <test-method signature="verifyLoginWithEmptyPassword()[pri:3, instance:com.ricepot.tests.LoginInvalidTest@2a65fe7c]" started-at="2026-03-14T22:51:27 IST" name="verifyLoginWithEmptyPassword" finished-at="2026-03-14T22:51:28 IST" duration-ms="1810" status="PASS">
          <reporter-output>
          </reporter-output>
        </test-method> <!-- verifyLoginWithEmptyPassword -->
        <test-method is-config="true" signature="initPage()[pri:0, instance:com.ricepot.tests.LoginInvalidTest@2a65fe7c]" started-at="2026-03-14T22:51:28 IST" name="initPage" finished-at="2026-03-14T22:51:29 IST" duration-ms="414" status="PASS">
          <reporter-output>
          </reporter-output>
        </test-method> <!-- initPage -->
        <test-method signature="verifyLoginWithInvalidUsername()[pri:4, instance:com.ricepot.tests.LoginInvalidTest@2a65fe7c]" started-at="2026-03-14T22:51:29 IST" name="verifyLoginWithInvalidUsername" finished-at="2026-03-14T22:51:30 IST" duration-ms="822" status="PASS">
          <reporter-output>
          </reporter-output>
        </test-method> <!-- verifyLoginWithInvalidUsername -->
        <test-method is-config="true" signature="initPage()[pri:0, instance:com.ricepot.tests.LoginInvalidTest@2a65fe7c]" started-at="2026-03-14T22:51:30 IST" name="initPage" finished-at="2026-03-14T22:51:30 IST" duration-ms="408" status="PASS">
          <reporter-output>
          </reporter-output>
        </test-method> <!-- initPage -->
        <test-method signature="verifyLoginWithInvalidPassword()[pri:5, instance:com.ricepot.tests.LoginInvalidTest@2a65fe7c]" started-at="2026-03-14T22:51:30 IST" name="verifyLoginWithInvalidPassword" finished-at="2026-03-14T22:51:34 IST" duration-ms="3403" status="PASS">
          <reporter-output>
          </reporter-output>
        </test-method> <!-- verifyLoginWithInvalidPassword -->
        <test-method is-config="true" signature="initPage()[pri:0, instance:com.ricepot.tests.LoginInvalidTest@2a65fe7c]" started-at="2026-03-14T22:51:34 IST" name="initPage" finished-at="2026-03-14T22:51:34 IST" duration-ms="211" status="PASS">
          <reporter-output>
          </reporter-output>
        </test-method> <!-- initPage -->
        <test-method signature="verifyLoginWithBothInvalidCredentials()[pri:6, instance:com.ricepot.tests.LoginInvalidTest@2a65fe7c]" started-at="2026-03-14T22:51:34 IST" name="verifyLoginWithBothInvalidCredentials" finished-at="2026-03-14T22:51:35 IST" duration-ms="898" status="PASS">
          <reporter-output>
          </reporter-output>
        </test-method> <!-- verifyLoginWithBothInvalidCredentials -->
        <test-method is-config="true" signature="initPage()[pri:0, instance:com.ricepot.tests.LoginInvalidTest@2a65fe7c]" started-at="2026-03-14T22:51:35 IST" name="initPage" finished-at="2026-03-14T22:51:35 IST" duration-ms="232" status="PASS">
          <reporter-output>
          </reporter-output>
        </test-method> <!-- initPage -->
        <test-method signature="verifyLoginWithSqlInjection()[pri:7, instance:com.ricepot.tests.LoginInvalidTest@2a65fe7c]" started-at="2026-03-14T22:51:35 IST" name="verifyLoginWithSqlInjection" finished-at="2026-03-14T22:51:36 IST" duration-ms="710" status="PASS">
          <reporter-output>
          </reporter-output>
        </test-method> <!-- verifyLoginWithSqlInjection -->
        <test-method is-config="true" signature="initPage()[pri:0, instance:com.ricepot.tests.LoginInvalidTest@2a65fe7c]" started-at="2026-03-14T22:51:36 IST" name="initPage" finished-at="2026-03-14T22:51:36 IST" duration-ms="441" status="PASS">
          <reporter-output>
          </reporter-output>
        </test-method> <!-- initPage -->
        <test-method signature="verifyLoginWithXssAttempt()[pri:8, instance:com.ricepot.tests.LoginInvalidTest@2a65fe7c]" started-at="2026-03-14T22:51:36 IST" name="verifyLoginWithXssAttempt" finished-at="2026-03-14T22:51:37 IST" duration-ms="681" status="PASS">
          <reporter-output>
          </reporter-output>
        </test-method> <!-- verifyLoginWithXssAttempt -->
        <test-method is-config="true" signature="initPage()[pri:0, instance:com.ricepot.tests.LoginInvalidTest@2a65fe7c]" started-at="2026-03-14T22:51:37 IST" name="initPage" finished-at="2026-03-14T22:51:37 IST" duration-ms="217" status="PASS">
          <reporter-output>
          </reporter-output>
        </test-method> <!-- initPage -->
        <test-method signature="verifyErrorMessagePersistsOnLoginPage()[pri:9, instance:com.ricepot.tests.LoginInvalidTest@2a65fe7c]" started-at="2026-03-14T22:51:37 IST" name="verifyErrorMessagePersistsOnLoginPage" finished-at="2026-03-14T22:51:39 IST" duration-ms="1689" status="PASS">
          <reporter-output>
          </reporter-output>
        </test-method> <!-- verifyErrorMessagePersistsOnLoginPage -->
        <test-method is-config="true" signature="tearDown()[pri:0, instance:com.ricepot.tests.LoginInvalidTest@2a65fe7c]" started-at="2026-03-14T22:51:39 IST" name="tearDown" finished-at="2026-03-14T22:51:39 IST" duration-ms="212" status="PASS">
          <reporter-output>
          </reporter-output>
        </test-method> <!-- tearDown -->
      </class> <!-- com.ricepot.tests.LoginInvalidTest -->
    </test> <!-- Invalid Login Tests -->
  </suite> <!-- Salesforce Login Test Suite -->
</testng-results>
