<?xml version="1.0" encoding="UTF-8"?>
<!-- Generated by org.testng.reporters.JUnitXMLReporter -->
<testsuite ignored="0" hostname="MIHIR" failures="0" tests="9" name="Invalid Login Tests" time="16.951" errors="0" timestamp="2026-03-14T22:51:39 IST">
  <testcase classname="com.ricepot.tests.LoginInvalidTest" name="verifyLoginWithEmptyCredentials" time="0.9"/>
  <testcase classname="com.ricepot.tests.LoginInvalidTest" name="verifyLoginWithEmptyUsername" time="0.852"/>
  <testcase classname="com.ricepot.tests.LoginInvalidTest" name="verifyLoginWithEmptyPassword" time="1.81"/>
  <testcase classname="com.ricepot.tests.LoginInvalidTest" name="verifyLoginWithInvalidUsername" time="0.822"/>
  <testcase classname="com.ricepot.tests.LoginInvalidTest" name="verifyLoginWithInvalidPassword" time="3.403"/>
  <testcase classname="com.ricepot.tests.LoginInvalidTest" name="verifyLoginWithBothInvalidCredentials" time="0.898"/>
  <testcase classname="com.ricepot.tests.LoginInvalidTest" name="verifyLoginWithSqlInjection" time="0.71"/>
  <testcase classname="com.ricepot.tests.LoginInvalidTest" name="verifyLoginWithXssAttempt" time="0.681"/>
  <testcase classname="com.ricepot.tests.LoginInvalidTest" name="verifyErrorMessagePersistsOnLoginPage" time="1.689"/>
</testsuite> <!-- Invalid Login Tests -->
