<?xml version="1.0" encoding="UTF-8"?>
<!-- Generated by org.testng.reporters.JUnitXMLReporter -->
<testsuite ignored="0" hostname="MIHIR" failures="1" tests="5" name="Valid Login Tests" time="10.586" errors="0" timestamp="2026-03-14T22:51:22 IST">
  <testcase classname="com.ricepot.tests.LoginValidTest" name="verifyLoginPageTitle" time="0.035"/>
  <testcase classname="com.ricepot.tests.LoginValidTest" name="verifyLoginPageElements" time="0.181"/>
  <testcase classname="com.ricepot.tests.LoginValidTest" name="verifyLoginPageUrl" time="0.007"/>
  <testcase classname="com.ricepot.tests.LoginValidTest" name="verifyRememberMeCheckboxToggle" time="0.233"/>
  <testcase classname="com.ricepot.tests.LoginValidTest" name="verifyValidLogin" time="1.096">
    <failure type="java.lang.AssertionError" message="Login failed — still on login page. URL: https://login.salesforce.com/ expected [false] but found [true]">
      <![CDATA[java.lang.AssertionError: Login failed — still on login page. URL: https://login.salesforce.com/ expected [false] but found [true]
at com.ricepot.tests.LoginValidTest.verifyValidLogin(LoginValidTest.java:85)
at java.base/java.util.ArrayList.forEach(ArrayList.java:1596)
... Removed 32 stack frames]]>
    </failure>
  </testcase> <!-- verifyValidLogin -->
</testsuite> <!-- Valid Login Tests -->
